<?xml version="1.0" encoding="UTF-8"?>
<!-- Generated by org.testng.reporters.JUnitReportReporter -->
<testsuite hostname="DineshManoharan" failures="0" tests="1" name="realTimeExample.BaseProject" time="9.862" errors="0" timestamp="16 Jan 2024 14:45:42 GMT" skipped="0">
  <testcase classname="realTimeExample.BaseProject" name="startServer" time="9.862"/>
</testsuite> <!-- realTimeExample.BaseProject -->
