<?xml version="1.0" encoding="UTF-8"?>
<!-- Generated by org.testng.reporters.JUnitReportReporter -->
<testsuite hostname="DineshManoharan" failures="0" tests="1" name="learnStartApp.Scroll" time="9.587" errors="0" timestamp="16 Jan 2024 10:11:44 GMT" skipped="0">
  <testcase classname="learnStartApp.Scroll" name="scrollGestures" time="9.587"/>
</testsuite> <!-- learnStartApp.Scroll -->
