<?xml version="1.0" encoding="UTF-8"?>
<!-- Generated by org.testng.reporters.JUnitReportReporter -->
<testsuite hostname="DineshManoharan" failures="0" tests="1" name="learnStartApp.StartApp" time="8.935" errors="0" timestamp="15 Jan 2024 07:12:16 GMT" skipped="0">
  <testcase classname="learnStartApp.StartApp" name="app" time="8.935"/>
</testsuite> <!-- learnStartApp.StartApp -->
