<?xml version="1.0" encoding="UTF-8"?>
<!-- Generated by org.testng.reporters.JUnitReportReporter -->
<testsuite hostname="DineshManoharan" failures="0" tests="1" name="realTimeExample.HomePagePostiveCase" time="41.422" errors="0" timestamp="17 Jan 2024 06:58:48 GMT" skipped="0">
  <testcase classname="realTimeExample.HomePagePostiveCase" name="homePage" time="41.422"/>
</testsuite> <!-- realTimeExample.HomePagePostiveCase -->
