<?xml version="1.0" encoding="UTF-8"?>
<!-- Generated by org.testng.reporters.JUnitReportReporter -->
<testsuite hostname="DineshManoharan" failures="0" tests="1" name="learnStartApp.LongPress" time="9.435" errors="0" timestamp="16 Jan 2024 09:34:50 GMT" skipped="0">
  <testcase classname="learnStartApp.LongPress" name="press" time="9.435"/>
</testsuite> <!-- learnStartApp.LongPress -->
