<?xml version="1.0" encoding="UTF-8"?>
<!-- Generated by org.testng.reporters.JUnitReportReporter -->
<testsuite hostname="DineshManoharan" failures="0" tests="1" name="learnStartApp.Swipe" time="9.170" errors="0" timestamp="16 Jan 2024 10:38:11 GMT" skipped="0">
  <testcase classname="learnStartApp.Swipe" name="swipeGesture" time="9.170"/>
</testsuite> <!-- learnStartApp.Swipe -->
