<?xml version="1.0" encoding="UTF-8"?>
<!-- Generated by org.testng.reporters.JUnitReportReporter -->
<testsuite hostname="DineshManoharan" failures="0" tests="1" name="realTimeExample.HomePageNegativeCase" time="41.986" errors="0" timestamp="17 Jan 2024 07:09:31 GMT" skipped="0">
  <testcase classname="realTimeExample.HomePageNegativeCase" name="homePageNegative" time="41.986"/>
</testsuite> <!-- realTimeExample.HomePageNegativeCase -->
